{"timestamp": "2025-07-19T18:48:10.028375Z", "level": "INFO", "logger": "test_module", "message": "This is an info message", "correlation_id": "c8184933-5ee5-402d-b278-adf556211356", "module": "test_error_handling", "function": "test_logging", "line": 27, "process_id": 15344, "thread_id": 8712871680, "extra": {"taskName": null}}
{"timestamp": "2025-07-19T18:48:10.028510Z", "level": "WARNING", "logger": "test_module", "message": "This is a warning message", "correlation_id": "c8184933-5ee5-402d-b278-adf556211356", "module": "test_error_handling", "function": "test_logging", "line": 28, "process_id": 15344, "thread_id": 8712871680, "extra": {"taskName": null}}
{"timestamp": "2025-07-19T18:48:10.028559Z", "level": "ERROR", "logger": "test_module", "message": "This is an error message", "correlation_id": "c8184933-5ee5-402d-b278-adf556211356", "module": "test_error_handling", "function": "test_logging", "line": 29, "process_id": 15344, "thread_id": 8712871680, "extra": {"taskName": null}}
{"timestamp": "2025-07-19T18:48:10.133881Z", "level": "INFO", "logger": "test_module", "message": "Processing step 'test_step' completed in 0.10s", "correlation_id": "c8184933-5ee5-402d-b278-adf556211356", "module": "logging_config", "function": "log_processing_step", "line": 268, "process_id": 15344, "thread_id": 8712871680, "extra": {"taskName": null, "processing_step": "test_step", "step_status": "completed", "duration_seconds": 0.1}}
{"timestamp": "2025-07-19T18:48:10.136231Z", "level": "ERROR", "logger": "test_exceptions", "message": "Testing DatabaseError", "correlation_id": "c8184933-5ee5-402d-b278-adf556211356", "module": "logging_config", "function": "log_error", "line": 232, "process_id": 15344, "thread_id": 8712871680, "exception": {"type": "DatabaseError", "message": "Test database error", "traceback": "Traceback (most recent call last):\n  File \"/Users/imadeddine/Documents/GitHub/explainium-2.0/test_error_handling.py\", line 54, in test_exceptions\n    raise exc\nsrc.exceptions.DatabaseError: Test database error"}, "extra": {"taskName": null, "error_type": "DatabaseError", "error_message": "Test database error", "error_details": {"error_type": "DatabaseError", "error_code": "DatabaseError", "message": "Test database error", "details": {"operation": "test_op", "table": "test_table"}, "correlation_id": null, "timestamp": "2025-07-19T18:48:10.133974", "traceback": "NoneType: None\n"}}}
{"timestamp": "2025-07-19T18:48:10.136706Z", "level": "ERROR", "logger": "test_exceptions", "message": "Testing ProcessingError", "correlation_id": "c8184933-5ee5-402d-b278-adf556211356", "module": "logging_config", "function": "log_error", "line": 232, "process_id": 15344, "thread_id": 8712871680, "exception": {"type": "ProcessingError", "message": "Test processing error", "traceback": "Traceback (most recent call last):\n  File \"/Users/imadeddine/Documents/GitHub/explainium-2.0/test_error_handling.py\", line 54, in test_exceptions\n    raise exc\nsrc.exceptions.ProcessingError: Test processing error"}, "extra": {"taskName": null, "error_type": "ProcessingError", "error_message": "Test processing error", "error_details": {"error_type": "ProcessingError", "error_code": "ProcessingError", "message": "Test processing error", "details": {"file_path": "/test/path", "processing_stage": "test_stage"}, "correlation_id": null, "timestamp": "2025-07-19T18:48:10.134080", "traceback": "NoneType: None\n"}}}
{"timestamp": "2025-07-19T18:48:10.136980Z", "level": "ERROR", "logger": "test_exceptions", "message": "Testing AIError", "correlation_id": "c8184933-5ee5-402d-b278-adf556211356", "module": "logging_config", "function": "log_error", "line": 232, "process_id": 15344, "thread_id": 8712871680, "exception": {"type": "AIError", "message": "Test AI error", "traceback": "Traceback (most recent call last):\n  File \"/Users/imadeddine/Documents/GitHub/explainium-2.0/test_error_handling.py\", line 54, in test_exceptions\n    raise exc\nsrc.exceptions.AIError: Test AI error"}, "extra": {"taskName": null, "error_type": "AIError", "error_message": "Test AI error", "error_details": {"error_type": "AIError", "error_code": "AIError", "message": "Test AI error", "details": {"model_name": "test_model", "ai_operation": "test_operation"}, "correlation_id": null, "timestamp": "2025-07-19T18:48:10.134098", "traceback": "NoneType: None\n"}}}
{"timestamp": "2025-07-19T18:48:10.137152Z", "level": "ERROR", "logger": "test_exceptions", "message": "Testing ValidationError", "correlation_id": "c8184933-5ee5-402d-b278-adf556211356", "module": "logging_config", "function": "log_error", "line": 232, "process_id": 15344, "thread_id": 8712871680, "exception": {"type": "ValidationError", "message": "Test validation error", "traceback": "Traceback (most recent call last):\n  File \"/Users/imadeddine/Documents/GitHub/explainium-2.0/test_error_handling.py\", line 54, in test_exceptions\n    raise exc\nsrc.exceptions.ValidationError: Test validation error"}, "extra": {"taskName": null, "error_type": "ValidationError", "error_message": "Test validation error", "error_details": {"error_type": "ValidationError", "error_code": "ValidationError", "message": "Test validation error", "details": {"field": "test_field", "value": "test_value"}, "correlation_id": null, "timestamp": "2025-07-19T18:48:10.134107", "traceback": "NoneType: None\n"}}}
{"timestamp": "2025-07-19T19:54:50.137362Z", "level": "INFO", "logger": "test_logger", "message": "Test log message", "correlation_id": "e2644887-1e63-4dec-b3ad-692cc88a1198", "module": "test_core_functionality", "function": "test_logging_functionality", "line": 96, "process_id": 23717, "thread_id": 8712871680, "extra": {"taskName": null}}
{"timestamp": "2025-07-19T19:54:50.137656Z", "level": "INFO", "logger": "test_logger", "message": "Processing step 'test_step' completed in 0.10s", "correlation_id": "e2644887-1e63-4dec-b3ad-692cc88a1198", "module": "logging_config", "function": "log_processing_step", "line": 268, "process_id": 23717, "thread_id": 8712871680, "extra": {"taskName": null, "processing_step": "test_step", "step_status": "completed", "duration_seconds": 0.1}}
{"timestamp": "2025-07-19T20:13:11.076350Z", "level": "INFO", "logger": "elastic_transport.transport", "message": "HEAD http://elasticsearch:9200/ [status:400 duration:0.159s]", "correlation_id": "no-correlation-id", "module": "_transport", "function": "perform_request", "line": 349, "process_id": 1, "thread_id": 281473584078864}
{"timestamp": "2025-07-19T20:13:16.086418Z", "level": "INFO", "logger": "elastic_transport.transport", "message": "HEAD http://elasticsearch:9200/ [status:400 duration:0.003s]", "correlation_id": "no-correlation-id", "module": "_transport", "function": "perform_request", "line": 349, "process_id": 1, "thread_id": 281473584078864}
{"timestamp": "2025-07-19T20:13:21.095461Z", "level": "INFO", "logger": "elastic_transport.transport", "message": "HEAD http://elasticsearch:9200/ [status:400 duration:0.006s]", "correlation_id": "no-correlation-id", "module": "_transport", "function": "perform_request", "line": 349, "process_id": 1, "thread_id": 281473584078864}
{"timestamp": "2025-07-19T20:13:26.107150Z", "level": "INFO", "logger": "elastic_transport.transport", "message": "HEAD http://elasticsearch:9200/ [status:400 duration:0.005s]", "correlation_id": "no-correlation-id", "module": "_transport", "function": "perform_request", "line": 349, "process_id": 1, "thread_id": 281473584078864}
{"timestamp": "2025-07-19T20:13:31.116416Z", "level": "INFO", "logger": "elastic_transport.transport", "message": "HEAD http://elasticsearch:9200/ [status:400 duration:0.003s]", "correlation_id": "no-correlation-id", "module": "_transport", "function": "perform_request", "line": 349, "process_id": 1, "thread_id": 281473584078864}
{"timestamp": "2025-07-19T20:13:33.062191Z", "level": "INFO", "logger": "elastic_transport.transport", "message": "HEAD http://elasticsearch:9200/ [status:400 duration:0.003s]", "correlation_id": "no-correlation-id", "module": "_transport", "function": "perform_request", "line": 349, "process_id": 15, "thread_id": 281473780092944}
{"timestamp": "2025-07-19T20:13:36.126166Z", "level": "INFO", "logger": "elastic_transport.transport", "message": "HEAD http://elasticsearch:9200/ [status:400 duration:0.003s]", "correlation_id": "no-correlation-id", "module": "_transport", "function": "perform_request", "line": 349, "process_id": 1, "thread_id": 281473584078864}
{"timestamp": "2025-07-19T20:13:38.071122Z", "level": "INFO", "logger": "elastic_transport.transport", "message": "HEAD http://elasticsearch:9200/ [status:400 duration:0.006s]", "correlation_id": "no-correlation-id", "module": "_transport", "function": "perform_request", "line": 349, "process_id": 15, "thread_id": 281473780092944}
{"timestamp": "2025-07-19T20:13:41.108338Z", "level": "INFO", "logger": "elastic_transport.transport", "message": "HEAD http://elasticsearch:9200/ [status:400 duration:0.003s]", "correlation_id": "no-correlation-id", "module": "_transport", "function": "perform_request", "line": 349, "process_id": 1, "thread_id": 281473584078864}
{"timestamp": "2025-07-19T20:13:43.054456Z", "level": "INFO", "logger": "elastic_transport.transport", "message": "HEAD http://elasticsearch:9200/ [status:400 duration:0.003s]", "correlation_id": "no-correlation-id", "module": "_transport", "function": "perform_request", "line": 349, "process_id": 15, "thread_id": 281473780092944}
{"timestamp": "2025-07-19T20:13:46.133568Z", "level": "INFO", "logger": "elastic_transport.transport", "message": "HEAD http://elasticsearch:9200/ [status:400 duration:0.010s]", "correlation_id": "no-correlation-id", "module": "_transport", "function": "perform_request", "line": 349, "process_id": 1, "thread_id": 281473584078864}
{"timestamp": "2025-07-19T20:13:48.066209Z", "level": "INFO", "logger": "elastic_transport.transport", "message": "HEAD http://elasticsearch:9200/ [status:400 duration:0.005s]", "correlation_id": "no-correlation-id", "module": "_transport", "function": "perform_request", "line": 349, "process_id": 15, "thread_id": 281473780092944}
{"timestamp": "2025-07-19T20:13:51.142315Z", "level": "INFO", "logger": "elastic_transport.transport", "message": "HEAD http://elasticsearch:9200/ [status:400 duration:0.002s]", "correlation_id": "no-correlation-id", "module": "_transport", "function": "perform_request", "line": 349, "process_id": 1, "thread_id": 281473584078864}
{"timestamp": "2025-07-19T20:13:53.073064Z", "level": "INFO", "logger": "elastic_transport.transport", "message": "HEAD http://elasticsearch:9200/ [status:400 duration:0.002s]", "correlation_id": "no-correlation-id", "module": "_transport", "function": "perform_request", "line": 349, "process_id": 15, "thread_id": 281473780092944}
{"timestamp": "2025-07-19T20:13:56.148821Z", "level": "INFO", "logger": "elastic_transport.transport", "message": "HEAD http://elasticsearch:9200/ [status:400 duration:0.002s]", "correlation_id": "no-correlation-id", "module": "_transport", "function": "perform_request", "line": 349, "process_id": 1, "thread_id": 281473584078864}
{"timestamp": "2025-07-19T20:13:58.077265Z", "level": "INFO", "logger": "elastic_transport.transport", "message": "HEAD http://elasticsearch:9200/ [status:400 duration:0.002s]", "correlation_id": "no-correlation-id", "module": "_transport", "function": "perform_request", "line": 349, "process_id": 15, "thread_id": 281473780092944}
{"timestamp": "2025-07-19T20:14:03.081651Z", "level": "INFO", "logger": "elastic_transport.transport", "message": "HEAD http://elasticsearch:9200/ [status:400 duration:0.003s]", "correlation_id": "no-correlation-id", "module": "_transport", "function": "perform_request", "line": 349, "process_id": 15, "thread_id": 281473780092944}
{"timestamp": "2025-07-19T20:14:08.091199Z", "level": "INFO", "logger": "elastic_transport.transport", "message": "HEAD http://elasticsearch:9200/ [status:400 duration:0.003s]", "correlation_id": "no-correlation-id", "module": "_transport", "function": "perform_request", "line": 349, "process_id": 15, "thread_id": 281473780092944}
{"timestamp": "2025-07-19T20:14:13.094905Z", "level": "INFO", "logger": "elastic_transport.transport", "message": "HEAD http://elasticsearch:9200/ [status:400 duration:0.002s]", "correlation_id": "no-correlation-id", "module": "_transport", "function": "perform_request", "line": 349, "process_id": 15, "thread_id": 281473780092944}
{"timestamp": "2025-07-19T20:14:18.105405Z", "level": "INFO", "logger": "elastic_transport.transport", "message": "HEAD http://elasticsearch:9200/ [status:400 duration:0.004s]", "correlation_id": "no-correlation-id", "module": "_transport", "function": "perform_request", "line": 349, "process_id": 15, "thread_id": 281473780092944}
{"timestamp": "2025-07-19T20:54:25.723632Z", "level": "INFO", "logger": "elastic_transport.transport", "message": "HEAD http://elasticsearch:9200/ [status:400 duration:0.008s]", "correlation_id": "no-correlation-id", "module": "_transport", "function": "perform_request", "line": 349, "process_id": 154, "thread_id": 281473638973456}
{"timestamp": "2025-07-19T20:54:30.729278Z", "level": "INFO", "logger": "elastic_transport.transport", "message": "HEAD http://elasticsearch:9200/ [status:400 duration:0.003s]", "correlation_id": "no-correlation-id", "module": "_transport", "function": "perform_request", "line": 349, "process_id": 154, "thread_id": 281473638973456}
{"timestamp": "2025-07-19T20:54:35.736450Z", "level": "INFO", "logger": "elastic_transport.transport", "message": "HEAD http://elasticsearch:9200/ [status:400 duration:0.003s]", "correlation_id": "no-correlation-id", "module": "_transport", "function": "perform_request", "line": 349, "process_id": 154, "thread_id": 281473638973456}
{"timestamp": "2025-07-19T20:54:40.744810Z", "level": "INFO", "logger": "elastic_transport.transport", "message": "HEAD http://elasticsearch:9200/ [status:400 duration:0.002s]", "correlation_id": "no-correlation-id", "module": "_transport", "function": "perform_request", "line": 349, "process_id": 154, "thread_id": 281473638973456}
{"timestamp": "2025-07-19T20:54:45.752990Z", "level": "INFO", "logger": "elastic_transport.transport", "message": "HEAD http://elasticsearch:9200/ [status:400 duration:0.002s]", "correlation_id": "no-correlation-id", "module": "_transport", "function": "perform_request", "line": 349, "process_id": 154, "thread_id": 281473638973456}
{"timestamp": "2025-07-19T20:54:50.758049Z", "level": "INFO", "logger": "elastic_transport.transport", "message": "HEAD http://elasticsearch:9200/ [status:400 duration:0.002s]", "correlation_id": "no-correlation-id", "module": "_transport", "function": "perform_request", "line": 349, "process_id": 154, "thread_id": 281473638973456}
{"timestamp": "2025-07-19T20:54:55.763749Z", "level": "INFO", "logger": "elastic_transport.transport", "message": "HEAD http://elasticsearch:9200/ [status:400 duration:0.002s]", "correlation_id": "no-correlation-id", "module": "_transport", "function": "perform_request", "line": 349, "process_id": 154, "thread_id": 281473638973456}
{"timestamp": "2025-07-19T20:55:00.771927Z", "level": "INFO", "logger": "elastic_transport.transport", "message": "HEAD http://elasticsearch:9200/ [status:400 duration:0.002s]", "correlation_id": "no-correlation-id", "module": "_transport", "function": "perform_request", "line": 349, "process_id": 154, "thread_id": 281473638973456}
{"timestamp": "2025-07-19T20:55:05.779967Z", "level": "INFO", "logger": "elastic_transport.transport", "message": "HEAD http://elasticsearch:9200/ [status:400 duration:0.002s]", "correlation_id": "no-correlation-id", "module": "_transport", "function": "perform_request", "line": 349, "process_id": 154, "thread_id": 281473638973456}
{"timestamp": "2025-07-19T20:55:10.788831Z", "level": "INFO", "logger": "elastic_transport.transport", "message": "HEAD http://elasticsearch:9200/ [status:400 duration:0.002s]", "correlation_id": "no-correlation-id", "module": "_transport", "function": "perform_request", "line": 349, "process_id": 154, "thread_id": 281473638973456}
{"timestamp": "2025-07-19T21:05:32.948095Z", "level": "INFO", "logger": "elastic_transport.transport", "message": "HEAD http://elasticsearch:9200/ [status:400 duration:0.007s]", "correlation_id": "no-correlation-id", "module": "_transport", "function": "perform_request", "line": 349, "process_id": 28, "thread_id": 281473139118096}
{"timestamp": "2025-07-19T21:05:37.955225Z", "level": "INFO", "logger": "elastic_transport.transport", "message": "HEAD http://elasticsearch:9200/ [status:400 duration:5.012s]", "correlation_id": "no-correlation-id", "module": "_transport", "function": "perform_request", "line": 349, "process_id": 8, "thread_id": 281473654800400}
{"timestamp": "2025-07-19T21:05:37.963606Z", "level": "INFO", "logger": "elastic_transport.transport", "message": "HEAD http://elasticsearch:9200/ [status:400 duration:0.004s]", "correlation_id": "no-correlation-id", "module": "_transport", "function": "perform_request", "line": 349, "process_id": 28, "thread_id": 281473139118096}
{"timestamp": "2025-07-19T21:05:42.972946Z", "level": "INFO", "logger": "elastic_transport.transport", "message": "HEAD http://elasticsearch:9200/ [status:400 duration:0.004s]", "correlation_id": "no-correlation-id", "module": "_transport", "function": "perform_request", "line": 349, "process_id": 28, "thread_id": 281473139118096}
{"timestamp": "2025-07-19T21:05:42.972952Z", "level": "INFO", "logger": "elastic_transport.transport", "message": "HEAD http://elasticsearch:9200/ [status:400 duration:0.006s]", "correlation_id": "no-correlation-id", "module": "_transport", "function": "perform_request", "line": 349, "process_id": 8, "thread_id": 281473654800400}
{"timestamp": "2025-07-19T21:05:47.982263Z", "level": "INFO", "logger": "elastic_transport.transport", "message": "HEAD http://elasticsearch:9200/ [status:400 duration:0.003s]", "correlation_id": "no-correlation-id", "module": "_transport", "function": "perform_request", "line": 349, "process_id": 28, "thread_id": 281473139118096}
{"timestamp": "2025-07-19T21:05:47.984728Z", "level": "INFO", "logger": "elastic_transport.transport", "message": "HEAD http://elasticsearch:9200/ [status:400 duration:0.006s]", "correlation_id": "no-correlation-id", "module": "_transport", "function": "perform_request", "line": 349, "process_id": 8, "thread_id": 281473654800400}
{"timestamp": "2025-07-19T21:05:52.994401Z", "level": "INFO", "logger": "elastic_transport.transport", "message": "HEAD http://elasticsearch:9200/ [status:400 duration:0.006s]", "correlation_id": "no-correlation-id", "module": "_transport", "function": "perform_request", "line": 349, "process_id": 28, "thread_id": 281473139118096}
{"timestamp": "2025-07-19T21:05:52.994448Z", "level": "INFO", "logger": "elastic_transport.transport", "message": "HEAD http://elasticsearch:9200/ [status:400 duration:0.006s]", "correlation_id": "no-correlation-id", "module": "_transport", "function": "perform_request", "line": 349, "process_id": 8, "thread_id": 281473654800400}
{"timestamp": "2025-07-19T21:05:58.002776Z", "level": "INFO", "logger": "elastic_transport.transport", "message": "HEAD http://elasticsearch:9200/ [status:400 duration:0.002s]", "correlation_id": "no-correlation-id", "module": "_transport", "function": "perform_request", "line": 349, "process_id": 28, "thread_id": 281473139118096}
{"timestamp": "2025-07-19T21:05:58.003829Z", "level": "INFO", "logger": "elastic_transport.transport", "message": "HEAD http://elasticsearch:9200/ [status:400 duration:0.003s]", "correlation_id": "no-correlation-id", "module": "_transport", "function": "perform_request", "line": 349, "process_id": 8, "thread_id": 281473654800400}
{"timestamp": "2025-07-19T21:06:03.012201Z", "level": "INFO", "logger": "elastic_transport.transport", "message": "HEAD http://elasticsearch:9200/ [status:400 duration:0.003s]", "correlation_id": "no-correlation-id", "module": "_transport", "function": "perform_request", "line": 349, "process_id": 8, "thread_id": 281473654800400}
{"timestamp": "2025-07-19T21:06:03.012297Z", "level": "INFO", "logger": "elastic_transport.transport", "message": "HEAD http://elasticsearch:9200/ [status:400 duration:0.003s]", "correlation_id": "no-correlation-id", "module": "_transport", "function": "perform_request", "line": 349, "process_id": 28, "thread_id": 281473139118096}
{"timestamp": "2025-07-19T21:06:08.016806Z", "level": "INFO", "logger": "elastic_transport.transport", "message": "HEAD http://elasticsearch:9200/ [status:400 duration:0.002s]", "correlation_id": "no-correlation-id", "module": "_transport", "function": "perform_request", "line": 349, "process_id": 8, "thread_id": 281473654800400}
{"timestamp": "2025-07-19T21:06:08.016827Z", "level": "INFO", "logger": "elastic_transport.transport", "message": "HEAD http://elasticsearch:9200/ [status:400 duration:0.002s]", "correlation_id": "no-correlation-id", "module": "_transport", "function": "perform_request", "line": 349, "process_id": 28, "thread_id": 281473139118096}
{"timestamp": "2025-07-19T21:06:13.026872Z", "level": "INFO", "logger": "elastic_transport.transport", "message": "HEAD http://elasticsearch:9200/ [status:400 duration:0.003s]", "correlation_id": "no-correlation-id", "module": "_transport", "function": "perform_request", "line": 349, "process_id": 28, "thread_id": 281473139118096}
{"timestamp": "2025-07-19T21:06:13.026891Z", "level": "INFO", "logger": "elastic_transport.transport", "message": "HEAD http://elasticsearch:9200/ [status:400 duration:0.003s]", "correlation_id": "no-correlation-id", "module": "_transport", "function": "perform_request", "line": 349, "process_id": 8, "thread_id": 281473654800400}
{"timestamp": "2025-07-19T21:06:18.033665Z", "level": "INFO", "logger": "elastic_transport.transport", "message": "HEAD http://elasticsearch:9200/ [status:400 duration:0.002s]", "correlation_id": "no-correlation-id", "module": "_transport", "function": "perform_request", "line": 349, "process_id": 8, "thread_id": 281473654800400}
{"timestamp": "2025-07-19T21:06:18.033697Z", "level": "INFO", "logger": "elastic_transport.transport", "message": "HEAD http://elasticsearch:9200/ [status:400 duration:0.002s]", "correlation_id": "no-correlation-id", "module": "_transport", "function": "perform_request", "line": 349, "process_id": 28, "thread_id": 281473139118096}
{"timestamp": "2025-07-19T21:06:23.042600Z", "level": "INFO", "logger": "elastic_transport.transport", "message": "HEAD http://elasticsearch:9200/ [status:400 duration:0.003s]", "correlation_id": "no-correlation-id", "module": "_transport", "function": "perform_request", "line": 349, "process_id": 8, "thread_id": 281473654800400}
{"timestamp": "2025-07-19T21:07:07.617734Z", "level": "INFO", "logger": "uvicorn.error", "message": "Started server process [166]", "correlation_id": "no-correlation-id", "module": "server", "function": "_serve", "line": 84, "process_id": 166, "thread_id": 281472898469904, "extra": {"color_message": "Started server process [\u001b[36m%d\u001b[0m]"}}
{"timestamp": "2025-07-19T21:07:07.618112Z", "level": "INFO", "logger": "uvicorn.error", "message": "Waiting for application startup.", "correlation_id": "no-correlation-id", "module": "on", "function": "startup", "line": 48, "process_id": 166, "thread_id": 281472898469904}
{"timestamp": "2025-07-19T21:07:07.618336Z", "level": "INFO", "logger": "src.api.main", "message": "Application startup initiated", "correlation_id": "4fc8947c-d536-4ef1-8ff0-3328a2b3ed81", "module": "main", "function": "on_startup", "line": 52, "process_id": 166, "thread_id": 281472898469904, "extra": {"startup_correlation_id": "4fc8947c-d536-4ef1-8ff0-3328a2b3ed81"}}
{"timestamp": "2025-07-19T21:07:07.716386Z", "level": "INFO", "logger": "src.api.main", "message": "Processing step 'database_initialization' completed", "correlation_id": "4fc8947c-d536-4ef1-8ff0-3328a2b3ed81", "module": "logging_config", "function": "log_processing_step", "line": 268, "process_id": 166, "thread_id": 281472898469904, "extra": {"processing_step": "database_initialization", "step_status": "completed"}}
{"timestamp": "2025-07-19T21:07:07.716563Z", "level": "INFO", "logger": "src.api.main", "message": "Application startup completed successfully", "correlation_id": "4fc8947c-d536-4ef1-8ff0-3328a2b3ed81", "module": "main", "function": "on_startup", "line": 58, "process_id": 166, "thread_id": 281472898469904}
{"timestamp": "2025-07-19T21:07:07.716821Z", "level": "INFO", "logger": "uvicorn.error", "message": "Application startup complete.", "correlation_id": "no-correlation-id", "module": "on", "function": "startup", "line": 62, "process_id": 166, "thread_id": 281472898469904}
{"timestamp": "2025-07-19T21:07:15.412926Z", "level": "INFO", "logger": "uvicorn.error", "message": "Shutting down", "correlation_id": "no-correlation-id", "module": "server", "function": "shutdown", "line": 264, "process_id": 166, "thread_id": 281472898469904}
{"timestamp": "2025-07-19T21:07:15.515250Z", "level": "INFO", "logger": "uvicorn.error", "message": "Waiting for application shutdown.", "correlation_id": "no-correlation-id", "module": "on", "function": "shutdown", "line": 67, "process_id": 166, "thread_id": 281472898469904}
{"timestamp": "2025-07-19T21:07:15.515834Z", "level": "INFO", "logger": "uvicorn.error", "message": "Application shutdown complete.", "correlation_id": "no-correlation-id", "module": "on", "function": "shutdown", "line": 76, "process_id": 166, "thread_id": 281472898469904}
{"timestamp": "2025-07-19T21:07:15.516273Z", "level": "INFO", "logger": "uvicorn.error", "message": "Finished server process [166]", "correlation_id": "no-correlation-id", "module": "server", "function": "_serve", "line": 94, "process_id": 166, "thread_id": 281472898469904, "extra": {"color_message": "Finished server process [\u001b[36m%d\u001b[0m]"}}
{"timestamp": "2025-07-19T21:07:26.212208Z", "level": "INFO", "logger": "uvicorn.error", "message": "Started server process [185]", "correlation_id": "no-correlation-id", "module": "server", "function": "_serve", "line": 84, "process_id": 185, "thread_id": 281473097318416, "extra": {"color_message": "Started server process [\u001b[36m%d\u001b[0m]"}}
{"timestamp": "2025-07-19T21:07:26.212602Z", "level": "INFO", "logger": "uvicorn.error", "message": "Waiting for application startup.", "correlation_id": "no-correlation-id", "module": "on", "function": "startup", "line": 48, "process_id": 185, "thread_id": 281473097318416}
{"timestamp": "2025-07-19T21:07:26.212919Z", "level": "INFO", "logger": "src.api.main", "message": "Application startup initiated", "correlation_id": "da2a3d15-69fa-453f-a692-bef146078ccb", "module": "main", "function": "on_startup", "line": 52, "process_id": 185, "thread_id": 281473097318416, "extra": {"startup_correlation_id": "da2a3d15-69fa-453f-a692-bef146078ccb"}}
{"timestamp": "2025-07-19T21:07:26.222564Z", "level": "INFO", "logger": "src.api.main", "message": "Processing step 'database_initialization' completed", "correlation_id": "da2a3d15-69fa-453f-a692-bef146078ccb", "module": "logging_config", "function": "log_processing_step", "line": 268, "process_id": 185, "thread_id": 281473097318416, "extra": {"processing_step": "database_initialization", "step_status": "completed"}}
{"timestamp": "2025-07-19T21:07:26.222681Z", "level": "INFO", "logger": "src.api.main", "message": "Application startup completed successfully", "correlation_id": "da2a3d15-69fa-453f-a692-bef146078ccb", "module": "main", "function": "on_startup", "line": 58, "process_id": 185, "thread_id": 281473097318416}
{"timestamp": "2025-07-19T21:07:26.222808Z", "level": "INFO", "logger": "uvicorn.error", "message": "Application startup complete.", "correlation_id": "no-correlation-id", "module": "on", "function": "startup", "line": 62, "process_id": 185, "thread_id": 281473097318416}
{"timestamp": "2025-07-19T21:07:32.700808Z", "level": "INFO", "logger": "uvicorn.error", "message": "Shutting down", "correlation_id": "no-correlation-id", "module": "server", "function": "shutdown", "line": 264, "process_id": 185, "thread_id": 281473097318416}
{"timestamp": "2025-07-19T21:07:32.804289Z", "level": "INFO", "logger": "uvicorn.error", "message": "Waiting for application shutdown.", "correlation_id": "no-correlation-id", "module": "on", "function": "shutdown", "line": 67, "process_id": 185, "thread_id": 281473097318416}
{"timestamp": "2025-07-19T21:07:32.805916Z", "level": "INFO", "logger": "uvicorn.error", "message": "Application shutdown complete.", "correlation_id": "no-correlation-id", "module": "on", "function": "shutdown", "line": 76, "process_id": 185, "thread_id": 281473097318416}
{"timestamp": "2025-07-19T21:07:32.806574Z", "level": "INFO", "logger": "uvicorn.error", "message": "Finished server process [185]", "correlation_id": "no-correlation-id", "module": "server", "function": "_serve", "line": 94, "process_id": 185, "thread_id": 281473097318416, "extra": {"color_message": "Finished server process [\u001b[36m%d\u001b[0m]"}}
{"timestamp": "2025-07-19T21:07:44.014106Z", "level": "INFO", "logger": "uvicorn.error", "message": "Started server process [204]", "correlation_id": "no-correlation-id", "module": "server", "function": "_serve", "line": 84, "process_id": 204, "thread_id": 281473076248592, "extra": {"color_message": "Started server process [\u001b[36m%d\u001b[0m]"}}
{"timestamp": "2025-07-19T21:07:44.014289Z", "level": "INFO", "logger": "uvicorn.error", "message": "Waiting for application startup.", "correlation_id": "no-correlation-id", "module": "on", "function": "startup", "line": 48, "process_id": 204, "thread_id": 281473076248592}
{"timestamp": "2025-07-19T21:07:44.014616Z", "level": "INFO", "logger": "src.api.main", "message": "Application startup initiated", "correlation_id": "4b8c86df-9461-468c-98ba-8ca5ef4343df", "module": "main", "function": "on_startup", "line": 52, "process_id": 204, "thread_id": 281473076248592, "extra": {"startup_correlation_id": "4b8c86df-9461-468c-98ba-8ca5ef4343df"}}
{"timestamp": "2025-07-19T21:07:44.025863Z", "level": "INFO", "logger": "src.api.main", "message": "Processing step 'database_initialization' completed", "correlation_id": "4b8c86df-9461-468c-98ba-8ca5ef4343df", "module": "logging_config", "function": "log_processing_step", "line": 268, "process_id": 204, "thread_id": 281473076248592, "extra": {"processing_step": "database_initialization", "step_status": "completed"}}
{"timestamp": "2025-07-19T21:07:44.026092Z", "level": "INFO", "logger": "src.api.main", "message": "Application startup completed successfully", "correlation_id": "4b8c86df-9461-468c-98ba-8ca5ef4343df", "module": "main", "function": "on_startup", "line": 58, "process_id": 204, "thread_id": 281473076248592}
{"timestamp": "2025-07-19T21:07:44.026253Z", "level": "INFO", "logger": "uvicorn.error", "message": "Application startup complete.", "correlation_id": "no-correlation-id", "module": "on", "function": "startup", "line": 62, "process_id": 204, "thread_id": 281473076248592}
{"timestamp": "2025-07-19T21:07:56.075080Z", "level": "INFO", "logger": "uvicorn.error", "message": "Shutting down", "correlation_id": "no-correlation-id", "module": "server", "function": "shutdown", "line": 264, "process_id": 204, "thread_id": 281473076248592}
{"timestamp": "2025-07-19T21:07:56.178248Z", "level": "INFO", "logger": "uvicorn.error", "message": "Waiting for application shutdown.", "correlation_id": "no-correlation-id", "module": "on", "function": "shutdown", "line": 67, "process_id": 204, "thread_id": 281473076248592}
{"timestamp": "2025-07-19T21:07:56.179302Z", "level": "INFO", "logger": "uvicorn.error", "message": "Application shutdown complete.", "correlation_id": "no-correlation-id", "module": "on", "function": "shutdown", "line": 76, "process_id": 204, "thread_id": 281473076248592}
{"timestamp": "2025-07-19T21:07:56.181104Z", "level": "INFO", "logger": "uvicorn.error", "message": "Finished server process [204]", "correlation_id": "no-correlation-id", "module": "server", "function": "_serve", "line": 94, "process_id": 204, "thread_id": 281473076248592, "extra": {"color_message": "Finished server process [\u001b[36m%d\u001b[0m]"}}
{"timestamp": "2025-07-19T21:11:41.787410Z", "level": "INFO", "logger": "uvicorn.error", "message": "Started server process [8]", "correlation_id": "no-correlation-id", "module": "server", "function": "_serve", "line": 84, "process_id": 8, "thread_id": 281473408258064, "extra": {"color_message": "Started server process [\u001b[36m%d\u001b[0m]"}}
{"timestamp": "2025-07-19T21:11:41.787790Z", "level": "INFO", "logger": "uvicorn.error", "message": "Waiting for application startup.", "correlation_id": "no-correlation-id", "module": "on", "function": "startup", "line": 48, "process_id": 8, "thread_id": 281473408258064}
{"timestamp": "2025-07-19T21:11:41.788130Z", "level": "INFO", "logger": "src.api.main", "message": "Application startup initiated", "correlation_id": "f7821943-03e7-43b4-b48e-2d071bc035bc", "module": "main", "function": "on_startup", "line": 52, "process_id": 8, "thread_id": 281473408258064, "extra": {"startup_correlation_id": "f7821943-03e7-43b4-b48e-2d071bc035bc"}}
{"timestamp": "2025-07-19T21:11:41.802343Z", "level": "INFO", "logger": "src.api.main", "message": "Processing step 'database_initialization' completed", "correlation_id": "f7821943-03e7-43b4-b48e-2d071bc035bc", "module": "logging_config", "function": "log_processing_step", "line": 268, "process_id": 8, "thread_id": 281473408258064, "extra": {"processing_step": "database_initialization", "step_status": "completed"}}
{"timestamp": "2025-07-19T21:11:41.802549Z", "level": "INFO", "logger": "src.api.main", "message": "Application startup completed successfully", "correlation_id": "f7821943-03e7-43b4-b48e-2d071bc035bc", "module": "main", "function": "on_startup", "line": 58, "process_id": 8, "thread_id": 281473408258064}
{"timestamp": "2025-07-19T21:11:41.802722Z", "level": "INFO", "logger": "uvicorn.error", "message": "Application startup complete.", "correlation_id": "no-correlation-id", "module": "on", "function": "startup", "line": 62, "process_id": 8, "thread_id": 281473408258064}
{"timestamp": "2025-07-19T21:20:20.840973Z", "level": "INFO", "logger": "src.middleware", "message": "Request started: GET /", "correlation_id": "8bbd63c9-d288-4a3b-af2e-fae5a0266daf", "module": "middleware", "function": "dispatch", "line": 42, "process_id": 8, "thread_id": 281473408258064, "extra": {"method": "GET", "path": "/", "query_params": "", "client_ip": "192.168.65.1", "user_agent": "curl/8.7.1"}}
{"timestamp": "2025-07-19T21:20:20.843538Z", "level": "INFO", "logger": "src.api.main", "message": "Root endpoint accessed", "correlation_id": "8bbd63c9-d288-4a3b-af2e-fae5a0266daf", "module": "main", "function": "read_root", "line": 66, "process_id": 8, "thread_id": 281471252169184}
{"timestamp": "2025-07-19T21:20:20.844231Z", "level": "INFO", "logger": "src.middleware", "message": "Request completed: GET /", "correlation_id": "8bbd63c9-d288-4a3b-af2e-fae5a0266daf", "module": "middleware", "function": "dispatch", "line": 58, "process_id": 8, "thread_id": 281473408258064, "extra": {"method": "GET", "path": "/", "status_code": 200, "duration_seconds": 0.004134654998779297}}
{"timestamp": "2025-07-19T21:20:20.844539Z", "level": "INFO", "logger": "uvicorn.access", "message": "192.168.65.1:21719 - \"GET / HTTP/1.1\" 200", "correlation_id": "no-correlation-id", "module": "h11_impl", "function": "send", "line": 473, "process_id": 8, "thread_id": 281473408258064}
{"timestamp": "2025-07-19T21:20:27.814465Z", "level": "INFO", "logger": "src.middleware", "message": "Request started: GET /health", "correlation_id": "b6c7b705-8eea-4a6c-a30f-b6d173c8b2c4", "module": "middleware", "function": "dispatch", "line": 42, "process_id": 8, "thread_id": 281473408258064, "extra": {"method": "GET", "path": "/health", "query_params": "", "client_ip": "192.168.65.1", "user_agent": "curl/8.7.1"}}
{"timestamp": "2025-07-19T21:20:27.817153Z", "level": "INFO", "logger": "src.middleware", "message": "Request completed: GET /health", "correlation_id": "b6c7b705-8eea-4a6c-a30f-b6d173c8b2c4", "module": "middleware", "function": "dispatch", "line": 58, "process_id": 8, "thread_id": 281473408258064, "extra": {"method": "GET", "path": "/health", "status_code": 200, "duration_seconds": 0.0027654170989990234}}
{"timestamp": "2025-07-19T21:20:27.820513Z", "level": "INFO", "logger": "uvicorn.access", "message": "192.168.65.1:44002 - \"GET /health HTTP/1.1\" 200", "correlation_id": "no-correlation-id", "module": "h11_impl", "function": "send", "line": 473, "process_id": 8, "thread_id": 281473408258064}
{"timestamp": "2025-07-19T21:20:33.491112Z", "level": "INFO", "logger": "src.middleware", "message": "Request started: GET /health/detailed", "correlation_id": "ab166abe-ffc3-4fe1-8518-94d36c26ccd0", "module": "middleware", "function": "dispatch", "line": 42, "process_id": 8, "thread_id": 281473408258064, "extra": {"method": "GET", "path": "/health/detailed", "query_params": "", "client_ip": "192.168.65.1", "user_agent": "curl/8.7.1"}}
{"timestamp": "2025-07-19T21:20:38.666026Z", "level": "INFO", "logger": "src.api.main", "message": "Health check completed: degraded", "correlation_id": "5a91d7f4-0930-429b-b419-77342037328a", "module": "main", "function": "detailed_health_check", "line": 155, "process_id": 8, "thread_id": 281471252169184, "extra": {"health_status": "degraded", "services_checked": 4}}
{"timestamp": "2025-07-19T21:20:38.667722Z", "level": "INFO", "logger": "src.middleware", "message": "Request completed: GET /health/detailed", "correlation_id": "ab166abe-ffc3-4fe1-8518-94d36c26ccd0", "module": "middleware", "function": "dispatch", "line": 58, "process_id": 8, "thread_id": 281473408258064, "extra": {"method": "GET", "path": "/health/detailed", "status_code": 200, "duration_seconds": 5.176799774169922}}
{"timestamp": "2025-07-19T21:20:38.668012Z", "level": "INFO", "logger": "uvicorn.access", "message": "192.168.65.1:46352 - \"GET /health/detailed HTTP/1.1\" 200", "correlation_id": "no-correlation-id", "module": "h11_impl", "function": "send", "line": 473, "process_id": 8, "thread_id": 281473408258064}
{"timestamp": "2025-07-19T21:20:52.219002Z", "level": "INFO", "logger": "src.middleware", "message": "Request started: GET /search/", "correlation_id": "c118454b-0bc1-4594-ac6d-4592b1e94012", "module": "middleware", "function": "dispatch", "line": 42, "process_id": 8, "thread_id": 281473408258064, "extra": {"method": "GET", "path": "/search/", "query_params": "query=&field=invalid_field", "client_ip": "192.168.65.1", "user_agent": "curl/8.7.1"}}
{"timestamp": "2025-07-19T21:20:52.227956Z", "level": "ERROR", "logger": "src.middleware", "message": "Custom error in GET /search/", "correlation_id": "c118454b-0bc1-4594-ac6d-4592b1e94012", "module": "logging_config", "function": "log_error", "line": 232, "process_id": 8, "thread_id": 281473408258064, "exception": {"type": "ValidationError", "message": "Search query cannot be empty", "traceback": "Traceback (most recent call last):\n  File \"/usr/local/lib/python3.10/site-packages/starlette/middleware/base.py\", line 151, in call_next\n    message = await recv_stream.receive()\n  File \"/usr/local/lib/python3.10/site-packages/anyio/streams/memory.py\", line 126, in receive\n    raise EndOfStream from None\nanyio.EndOfStream\n\nDuring handling of the above exception, another exception occurred:\n\nTraceback (most recent call last):\n  File \"/app/src/middleware.py\", line 54, in dispatch\n    response = await call_next(request)\n  File \"/usr/local/lib/python3.10/site-packages/starlette/middleware/base.py\", line 159, in call_next\n    raise app_exc\n  File \"/usr/local/lib/python3.10/site-packages/starlette/middleware/base.py\", line 144, in coro\n    await self.app(scope, receive_or_disconnect, send_no_error)\n  File \"/usr/local/lib/python3.10/site-packages/starlette/middleware/exceptions.py\", line 63, in __call__\n    await wrap_app_handling_exceptions(self.app, conn)(scope, receive, send)\n  File \"/usr/local/lib/python3.10/site-packages/starlette/_exception_handler.py\", line 53, in wrapped_app\n    raise exc\n  File \"/usr/local/lib/python3.10/site-packages/starlette/_exception_handler.py\", line 42, in wrapped_app\n    await app(scope, receive, sender)\n  File \"/usr/local/lib/python3.10/site-packages/starlette/routing.py\", line 716, in __call__\n    await self.middleware_stack(scope, receive, send)\n  File \"/usr/local/lib/python3.10/site-packages/starlette/routing.py\", line 736, in app\n    await route.handle(scope, receive, send)\n  File \"/usr/local/lib/python3.10/site-packages/starlette/routing.py\", line 290, in handle\n    await self.app(scope, receive, send)\n  File \"/usr/local/lib/python3.10/site-packages/starlette/routing.py\", line 78, in app\n    await wrap_app_handling_exceptions(app, request)(scope, receive, send)\n  File \"/usr/local/lib/python3.10/site-packages/starlette/_exception_handler.py\", line 53, in wrapped_app\n    raise exc\n  File \"/usr/local/lib/python3.10/site-packages/starlette/_exception_handler.py\", line 42, in wrapped_app\n    await app(scope, receive, sender)\n  File \"/usr/local/lib/python3.10/site-packages/starlette/routing.py\", line 75, in app\n    response = await f(request)\n  File \"/usr/local/lib/python3.10/site-packages/fastapi/routing.py\", line 302, in app\n    raw_response = await run_endpoint_function(\n  File \"/usr/local/lib/python3.10/site-packages/fastapi/routing.py\", line 215, in run_endpoint_function\n    return await run_in_threadpool(dependant.call, **values)\n  File \"/usr/local/lib/python3.10/site-packages/starlette/concurrency.py\", line 38, in run_in_threadpool\n    return await anyio.to_thread.run_sync(func)\n  File \"/usr/local/lib/python3.10/site-packages/anyio/to_thread.py\", line 56, in run_sync\n    return await get_async_backend().run_sync_in_worker_thread(\n  File \"/usr/local/lib/python3.10/site-packages/anyio/_backends/_asyncio.py\", line 2470, in run_sync_in_worker_thread\n    return await future\n  File \"/usr/local/lib/python3.10/site-packages/anyio/_backends/_asyncio.py\", line 967, in run\n    result = context.run(func, *args)\n  File \"/app/src/api/main.py\", line 304, in search_documents\n    raise ValidationError(\"Search query cannot be empty\", field=\"query\", value=query)\nsrc.exceptions.ValidationError: Search query cannot be empty"}, "extra": {"method": "GET", "path": "/search/", "status_code": 400, "duration_seconds": 0.00313568115234375, "error_type": "ValidationError", "error_message": "Search query cannot be empty", "error_details": {"error_type": "ValidationError", "error_code": "ValidationError", "message": "Search query cannot be empty", "details": {"field": "query", "value": ""}, "correlation_id": null, "timestamp": "2025-07-19T21:20:52.220797", "traceback": "NoneType: None\n"}}}
{"timestamp": "2025-07-19T21:20:52.228638Z", "level": "INFO", "logger": "uvicorn.access", "message": "192.168.65.1:46722 - \"GET /search/?query=&field=invalid_field HTTP/1.1\" 400", "correlation_id": "no-correlation-id", "module": "h11_impl", "function": "send", "line": 473, "process_id": 8, "thread_id": 281473408258064}
{"timestamp": "2025-07-19T21:28:33.085174Z", "level": "INFO", "logger": "src.middleware", "message": "Request started: GET /search/", "correlation_id": "4790de08-d800-4889-9c6d-9f92f859fc94", "module": "middleware", "function": "dispatch", "line": 42, "process_id": 8, "thread_id": 281473408258064, "extra": {"method": "GET", "path": "/search/", "query_params": "query=test&field=invalid_field&size=200", "client_ip": "192.168.65.1", "user_agent": "curl/8.7.1"}}
{"timestamp": "2025-07-19T21:28:33.090317Z", "level": "ERROR", "logger": "src.middleware", "message": "Custom error in GET /search/", "correlation_id": "4790de08-d800-4889-9c6d-9f92f859fc94", "module": "logging_config", "function": "log_error", "line": 232, "process_id": 8, "thread_id": 281473408258064, "exception": {"type": "ValidationError", "message": "Invalid search field. Must be one of: extracted_text, filename, classification_category, extracted_entities.text, key_phrases, document_sections", "traceback": "Traceback (most recent call last):\n  File \"/usr/local/lib/python3.10/site-packages/starlette/middleware/base.py\", line 151, in call_next\n    message = await recv_stream.receive()\n  File \"/usr/local/lib/python3.10/site-packages/anyio/streams/memory.py\", line 126, in receive\n    raise EndOfStream from None\nanyio.EndOfStream\n\nDuring handling of the above exception, another exception occurred:\n\nTraceback (most recent call last):\n  File \"/app/src/middleware.py\", line 54, in dispatch\n    response = await call_next(request)\n  File \"/usr/local/lib/python3.10/site-packages/starlette/middleware/base.py\", line 159, in call_next\n    raise app_exc\n  File \"/usr/local/lib/python3.10/site-packages/starlette/middleware/base.py\", line 144, in coro\n    await self.app(scope, receive_or_disconnect, send_no_error)\n  File \"/usr/local/lib/python3.10/site-packages/starlette/middleware/exceptions.py\", line 63, in __call__\n    await wrap_app_handling_exceptions(self.app, conn)(scope, receive, send)\n  File \"/usr/local/lib/python3.10/site-packages/starlette/_exception_handler.py\", line 53, in wrapped_app\n    raise exc\n  File \"/usr/local/lib/python3.10/site-packages/starlette/_exception_handler.py\", line 42, in wrapped_app\n    await app(scope, receive, sender)\n  File \"/usr/local/lib/python3.10/site-packages/starlette/routing.py\", line 716, in __call__\n    await self.middleware_stack(scope, receive, send)\n  File \"/usr/local/lib/python3.10/site-packages/starlette/routing.py\", line 736, in app\n    await route.handle(scope, receive, send)\n  File \"/usr/local/lib/python3.10/site-packages/starlette/routing.py\", line 290, in handle\n    await self.app(scope, receive, send)\n  File \"/usr/local/lib/python3.10/site-packages/starlette/routing.py\", line 78, in app\n    await wrap_app_handling_exceptions(app, request)(scope, receive, send)\n  File \"/usr/local/lib/python3.10/site-packages/starlette/_exception_handler.py\", line 53, in wrapped_app\n    raise exc\n  File \"/usr/local/lib/python3.10/site-packages/starlette/_exception_handler.py\", line 42, in wrapped_app\n    await app(scope, receive, sender)\n  File \"/usr/local/lib/python3.10/site-packages/starlette/routing.py\", line 75, in app\n    response = await f(request)\n  File \"/usr/local/lib/python3.10/site-packages/fastapi/routing.py\", line 302, in app\n    raw_response = await run_endpoint_function(\n  File \"/usr/local/lib/python3.10/site-packages/fastapi/routing.py\", line 215, in run_endpoint_function\n    return await run_in_threadpool(dependant.call, **values)\n  File \"/usr/local/lib/python3.10/site-packages/starlette/concurrency.py\", line 38, in run_in_threadpool\n    return await anyio.to_thread.run_sync(func)\n  File \"/usr/local/lib/python3.10/site-packages/anyio/to_thread.py\", line 56, in run_sync\n    return await get_async_backend().run_sync_in_worker_thread(\n  File \"/usr/local/lib/python3.10/site-packages/anyio/_backends/_asyncio.py\", line 2470, in run_sync_in_worker_thread\n    return await future\n  File \"/usr/local/lib/python3.10/site-packages/anyio/_backends/_asyncio.py\", line 967, in run\n    result = context.run(func, *args)\n  File \"/app/src/api/main.py\", line 308, in search_documents\n    raise ValidationError(\nsrc.exceptions.ValidationError: Invalid search field. Must be one of: extracted_text, filename, classification_category, extracted_entities.text, key_phrases, document_sections"}, "extra": {"method": "GET", "path": "/search/", "status_code": 400, "duration_seconds": 0.005190372467041016, "error_type": "ValidationError", "error_message": "Invalid search field. Must be one of: extracted_text, filename, classification_category, extracted_entities.text, key_phrases, document_sections", "error_details": {"error_type": "ValidationError", "error_code": "ValidationError", "message": "Invalid search field. Must be one of: extracted_text, filename, classification_category, extracted_entities.text, key_phrases, document_sections", "details": {"field": "field", "value": "invalid_field", "validation_rule": "must_be_in_allowed_list"}, "correlation_id": null, "timestamp": "2025-07-19T21:28:33.087815", "traceback": "NoneType: None\n"}}}
{"timestamp": "2025-07-19T21:28:33.091821Z", "level": "INFO", "logger": "uvicorn.access", "message": "192.168.65.1:17139 - \"GET /search/?query=test&field=invalid_field&size=200 HTTP/1.1\" 400", "correlation_id": "no-correlation-id", "module": "h11_impl", "function": "send", "line": 473, "process_id": 8, "thread_id": 281473408258064}
